<?xml version="1.0" encoding="UTF-8"?>
<!-- Generated by org.testng.reporters.JUnitReportReporter -->
<testsuite hostname="192.168.1.9" failures="0" tests="1" name="Fil2.Runpage" time="20.852" errors="0" timestamp="2024-10-25T16:44:36 IST" skipped="0">
  <testcase classname="Fil2.Runpage" name="loginapp" time="20.852"/>
</testsuite> <!-- Fil2.Runpage -->
